<?xml version="1.0"?>
<testsuite name="PhantomJS 1.9.8 (Mac OS X 0.0.0)" package="asset-management" timestamp="2015-11-20T12:13:41" id="0" hostname="mtodd-ml1" tests="1" errors="1" failures="1" time="2.005">
  <properties>
    <property name="browser.fullName" value="Mozilla/5.0 (Macintosh; Intel Mac OS X) AppleWebKit/534.34 (KHTML, like Gecko) PhantomJS/1.9.8 Safari/534.34"/>
  </properties>
  <testcase name="should submit email and pass to backend" time="2.005" classname="PhantomJS_1_9_8_(Mac_OS_X_0_0_0).asset-management.LoginCtrl">
    <failure type="">timeout of 2000ms exceeded. Ensure the done() callback is being called in this test.
</failure>
  </testcase>
  <system-out>
    <![CDATA[PhantomJS 1.9.8 (Mac OS X 0.0.0) LOG: 'logging in with: given email/given password'

]]>
  </system-out>
  <system-err/>
</testsuite>